<?xml version="1.0" encoding="UTF-8"?>
<testng-results ignored="0" total="2" passed="2" failed="0" skipped="0">
  <reporter-output>
  </reporter-output>
  <suite started-at="2025-02-16T01:03:16 IST" name="Default suite" finished-at="2025-02-16T01:03:16 IST" duration-ms="15">
    <groups>
    </groups>
    <test started-at="2025-02-16T01:03:16 IST" name="Default test" finished-at="2025-02-16T01:03:16 IST" duration-ms="15">
      <class name="testFrameworkBasics.PS1">
        <test-method is-config="true" signature="Hello()[pri:0, instance:testFrameworkBasics.PS1@12e61fe6]" started-at="2025-02-16T01:03:16 IST" name="Hello" finished-at="2025-02-16T01:03:16 IST" duration-ms="2" status="PASS">
          <reporter-output>
          </reporter-output>
        </test-method> <!-- Hello -->
        <test-method signature="doThis()[pri:0, instance:testFrameworkBasics.PS1@12e61fe6]" started-at="2025-02-16T01:03:16 IST" name="doThis" finished-at="2025-02-16T01:03:16 IST" duration-ms="3" status="PASS">
          <reporter-output>
          </reporter-output>
        </test-method> <!-- doThis -->
        <test-method is-config="true" signature="Bye()[pri:0, instance:testFrameworkBasics.PS1@12e61fe6]" started-at="2025-02-16T01:03:16 IST" name="Bye" finished-at="2025-02-16T01:03:16 IST" duration-ms="0" status="PASS">
          <reporter-output>
          </reporter-output>
        </test-method> <!-- Bye -->
        <test-method signature="testRun()[pri:0, instance:testFrameworkBasics.PS1@12e61fe6]" started-at="2025-02-16T01:03:16 IST" name="testRun" finished-at="2025-02-16T01:03:16 IST" duration-ms="0" status="PASS">
          <reporter-output>
          </reporter-output>
        </test-method> <!-- testRun -->
        <test-method is-config="true" signature="Hello()[pri:0, instance:testFrameworkBasics.PS1@12e61fe6]" started-at="2025-02-16T01:03:16 IST" name="Hello" finished-at="2025-02-16T01:03:16 IST" duration-ms="0" status="PASS">
          <reporter-output>
          </reporter-output>
        </test-method> <!-- Hello -->
        <test-method is-config="true" signature="Bye()[pri:0, instance:testFrameworkBasics.PS1@12e61fe6]" started-at="2025-02-16T01:03:16 IST" name="Bye" finished-at="2025-02-16T01:03:16 IST" duration-ms="0" status="PASS">
          <reporter-output>
          </reporter-output>
        </test-method> <!-- Bye -->
      </class> <!-- testFrameworkBasics.PS1 -->
    </test> <!-- Default test -->
  </suite> <!-- Default suite -->
</testng-results>
