<?xml version="1.0" encoding="UTF-8"?>
<!-- Generated by org.testng.reporters.JUnitXMLReporter -->
<testsuite ignored="0" hostname="Tushars-MacBook-Air.local" failures="0" tests="2" name="Error Validations Test" time="15.631" errors="0" timestamp="2025-02-26T01:02:12 IST">
  <testcase classname="tushargaurautomation.tests.ErrorValidationsTest" name="LoginErrorValidation" time="0.794"/>
  <testcase classname="tushargaurautomation.tests.ErrorValidationsTest" name="ProductErrorValidation" time="10.585"/>
</testsuite> <!-- Error Validations Test -->
