<?xml version="1.0" encoding="UTF-8"?>
<!-- Generated by org.testng.reporters.JUnitXMLReporter -->
<testsuite ignored="0" hostname="Tushars-MacBook-Air.local" failures="0" tests="3" name="Submit Order Test" time="28.396" errors="0" timestamp="2025-02-26T18:33:03 IST">
  <testcase classname="tushargaurautomation.tests.SubmitOrderTest" name="OrderHistoryTest" time="0.374"/>
  <testcase classname="tushargaurautomation.tests.SubmitOrderTest" name="submitOrder" time="11.254"/>
  <testcase classname="tushargaurautomation.tests.SubmitOrderTest" name="submitOrder" time="11.298"/>
</testsuite> <!-- Submit Order Test -->
