<?xml version="1.0" encoding="UTF-8"?>
<!-- Generated by org.testng.reporters.JUnitXMLReporter -->
<testsuite ignored="0" hostname="Tushars-MacBook-Air.local" failures="0" tests="3" name="Car Loan" time="0.002" errors="0" timestamp="2025-02-16T00:08:34 IST">
  <testcase classname="test.day3" name="apiLoginCarLoan" time="0.001"/>
  <testcase classname="test.day3" name="mobileLoginCarLoan" time="0.0"/>
  <testcase classname="test.day3" name="webLoginCarLoan" time="0.0"/>
</testsuite> <!-- Car Loan -->
