<?xml version="1.0" encoding="UTF-8"?>
<!-- Generated by org.testng.reporters.JUnitXMLReporter -->
<testsuite ignored="0" hostname="Tushars-MacBook-Air.local" failures="0" tests="6" name="Personal Loan" time="0.017" errors="0" timestamp="2025-02-16T00:08:34 IST">
  <testcase classname="test.day1" name="Demo" time="0.004"/>
  <testcase classname="test.day1" name="SecondTest" time="0.0"/>
  <testcase classname="test.day2" name="personalLoan" time="0.0"/>
  <testcase classname="test.day4" name="apiLoginHomeLoan" time="0.0"/>
  <testcase classname="test.day4" name="mobileLoginHomeLoan" time="0.0"/>
  <testcase classname="test.day4" name="webLoginHomeLoan" time="0.001"/>
</testsuite> <!-- Personal Loan -->
