<?xml version="1.0" encoding="UTF-8"?>
<!-- Generated by org.testng.reporters.JUnitXMLReporter -->
<testsuite ignored="0" hostname="Tushars-MacBook-Air.local" failures="0" tests="3" name="Submit Order Test" time="30.361" errors="0" timestamp="2025-02-24T16:22:42 IST">
  <testcase classname="tushargaurautomation.tests.SubmitOrderTest" name="OrderHistoryTest" time="0.348"/>
  <testcase classname="tushargaurautomation.tests.SubmitOrderTest" name="submitOrder" time="11.282"/>
  <testcase classname="tushargaurautomation.tests.SubmitOrderTest" name="submitOrder" time="11.097"/>
</testsuite> <!-- Submit Order Test -->
