<?xml version="1.0" encoding="UTF-8"?>
<testng-results ignored="0" total="5" passed="5" failed="0" skipped="0">
  <reporter-output>
  </reporter-output>
  <suite started-at="2025-02-26T18:32:35 IST" name="Suite" finished-at="2025-02-26T18:33:19 IST" duration-ms="44585">
    <groups>
      <group name="ErrorHandling">
        <method signature="ErrorValidationsTest.LoginErrorValidation()[pri:0, instance:tushargaurautomation.tests.ErrorValidationsTest@1807f5a7]" name="LoginErrorValidation" class="tushargaurautomation.tests.ErrorValidationsTest"/>
        <method signature="ErrorValidationsTest.ProductErrorValidation()[pri:0, instance:tushargaurautomation.tests.ErrorValidationsTest@1807f5a7]" name="ProductErrorValidation" class="tushargaurautomation.tests.ErrorValidationsTest"/>
      </group> <!-- ErrorHandling -->
      <group name="Purchase">
        <method signature="SubmitOrderTest.submitOrder(java.util.HashMap)[pri:0, instance:tushargaurautomation.tests.SubmitOrderTest@548a24a]" name="submitOrder" class="tushargaurautomation.tests.SubmitOrderTest"/>
      </group> <!-- Purchase -->
    </groups>
    <test started-at="2025-02-26T18:32:35 IST" name="Submit Order Test" finished-at="2025-02-26T18:33:03 IST" duration-ms="28396">
      <class name="tushargaurautomation.tests.SubmitOrderTest">
        <test-method is-config="true" signature="launchApplication()[pri:0, instance:tushargaurautomation.tests.SubmitOrderTest@548a24a]" started-at="2025-02-26T18:32:35 IST" name="launchApplication" finished-at="2025-02-26T18:32:37 IST" duration-ms="1912" status="PASS">
          <reporter-output>
          </reporter-output>
        </test-method> <!-- launchApplication -->
        <test-method signature="OrderHistoryTest()[pri:0, instance:tushargaurautomation.tests.SubmitOrderTest@548a24a]" started-at="2025-02-26T18:32:37 IST" name="OrderHistoryTest" finished-at="2025-02-26T18:32:37 IST" duration-ms="374" status="PASS">
          <reporter-output>
          </reporter-output>
        </test-method> <!-- OrderHistoryTest -->
        <test-method is-config="true" signature="Teardown()[pri:0, instance:tushargaurautomation.tests.SubmitOrderTest@548a24a]" started-at="2025-02-26T18:32:37 IST" name="Teardown" finished-at="2025-02-26T18:32:37 IST" duration-ms="113" status="PASS">
          <reporter-output>
          </reporter-output>
        </test-method> <!-- Teardown -->
        <test-method is-config="true" signature="launchApplication()[pri:0, instance:tushargaurautomation.tests.SubmitOrderTest@548a24a]" started-at="2025-02-26T18:32:37 IST" name="launchApplication" finished-at="2025-02-26T18:32:39 IST" duration-ms="1536" status="PASS">
          <reporter-output>
          </reporter-output>
        </test-method> <!-- launchApplication -->
        <test-method signature="submitOrder(java.util.HashMap)[pri:0, instance:tushargaurautomation.tests.SubmitOrderTest@548a24a]" started-at="2025-02-26T18:32:39 IST" name="submitOrder" data-provider="getData" finished-at="2025-02-26T18:32:50 IST" duration-ms="11254" status="PASS">
          <params>
            <param index="0">
              <value>
                <![CDATA[{password=Test1234, productName=ZARA COAT 3, username=gaur.tushar281@gmail.com}]]>
              </value>
            </param>
          </params>
          <reporter-output>
          </reporter-output>
        </test-method> <!-- submitOrder -->
        <test-method is-config="true" signature="Teardown()[pri:0, instance:tushargaurautomation.tests.SubmitOrderTest@548a24a]" started-at="2025-02-26T18:32:50 IST" name="Teardown" finished-at="2025-02-26T18:32:50 IST" duration-ms="107" status="PASS">
          <reporter-output>
          </reporter-output>
        </test-method> <!-- Teardown -->
        <test-method is-config="true" signature="launchApplication()[pri:0, instance:tushargaurautomation.tests.SubmitOrderTest@548a24a]" started-at="2025-02-26T18:32:50 IST" name="launchApplication" finished-at="2025-02-26T18:32:52 IST" duration-ms="1651" status="PASS">
          <reporter-output>
          </reporter-output>
        </test-method> <!-- launchApplication -->
        <test-method signature="submitOrder(java.util.HashMap)[pri:0, instance:tushargaurautomation.tests.SubmitOrderTest@548a24a]" started-at="2025-02-26T18:32:52 IST" name="submitOrder" data-provider="getData" finished-at="2025-02-26T18:33:03 IST" duration-ms="11298" status="PASS">
          <params>
            <param index="0">
              <value>
                <![CDATA[{password=Test1234, productName=IPHONE 13 PRO, username=gaur.tushar281@gmail.com}]]>
              </value>
            </param>
          </params>
          <reporter-output>
          </reporter-output>
        </test-method> <!-- submitOrder -->
        <test-method is-config="true" signature="Teardown()[pri:0, instance:tushargaurautomation.tests.SubmitOrderTest@548a24a]" started-at="2025-02-26T18:33:03 IST" name="Teardown" finished-at="2025-02-26T18:33:03 IST" duration-ms="68" status="PASS">
          <reporter-output>
          </reporter-output>
        </test-method> <!-- Teardown -->
      </class> <!-- tushargaurautomation.tests.SubmitOrderTest -->
    </test> <!-- Submit Order Test -->
    <test started-at="2025-02-26T18:33:03 IST" name="Error Validations Test" finished-at="2025-02-26T18:33:19 IST" duration-ms="16075">
      <class name="tushargaurautomation.tests.ErrorValidationsTest">
        <test-method is-config="true" signature="launchApplication()[pri:0, instance:tushargaurautomation.tests.ErrorValidationsTest@1807f5a7]" started-at="2025-02-26T18:33:03 IST" name="launchApplication" finished-at="2025-02-26T18:33:05 IST" duration-ms="1537" status="PASS">
          <reporter-output>
          </reporter-output>
        </test-method> <!-- launchApplication -->
        <test-method signature="LoginErrorValidation()[pri:0, instance:tushargaurautomation.tests.ErrorValidationsTest@1807f5a7]" started-at="2025-02-26T18:33:05 IST" name="LoginErrorValidation" finished-at="2025-02-26T18:33:06 IST" duration-ms="828" status="PASS">
          <reporter-output>
          </reporter-output>
        </test-method> <!-- LoginErrorValidation -->
        <test-method is-config="true" signature="Teardown()[pri:0, instance:tushargaurautomation.tests.ErrorValidationsTest@1807f5a7]" started-at="2025-02-26T18:33:06 IST" name="Teardown" finished-at="2025-02-26T18:33:06 IST" duration-ms="108" status="PASS">
          <reporter-output>
          </reporter-output>
        </test-method> <!-- Teardown -->
        <test-method is-config="true" signature="launchApplication()[pri:0, instance:tushargaurautomation.tests.ErrorValidationsTest@1807f5a7]" started-at="2025-02-26T18:33:06 IST" name="launchApplication" finished-at="2025-02-26T18:33:08 IST" duration-ms="2815" status="PASS">
          <reporter-output>
          </reporter-output>
        </test-method> <!-- launchApplication -->
        <test-method signature="ProductErrorValidation()[pri:0, instance:tushargaurautomation.tests.ErrorValidationsTest@1807f5a7]" started-at="2025-02-26T18:33:08 IST" name="ProductErrorValidation" finished-at="2025-02-26T18:33:19 IST" duration-ms="10676" status="PASS">
          <reporter-output>
          </reporter-output>
        </test-method> <!-- ProductErrorValidation -->
        <test-method is-config="true" signature="Teardown()[pri:0, instance:tushargaurautomation.tests.ErrorValidationsTest@1807f5a7]" started-at="2025-02-26T18:33:19 IST" name="Teardown" finished-at="2025-02-26T18:33:19 IST" duration-ms="108" status="PASS">
          <reporter-output>
          </reporter-output>
        </test-method> <!-- Teardown -->
      </class> <!-- tushargaurautomation.tests.ErrorValidationsTest -->
    </test> <!-- Error Validations Test -->
  </suite> <!-- Suite -->
</testng-results>
